<?xml version="1.0" encoding="UTF-8" ?>
<testsuite failures="0" time="0.026" errors="0" skipped="0" tests="0" name="edu.asu.krypton.model.repository.UserRepositoryTest">
  <properties>
    <property name="java.runtime.name" value="OpenJDK Runtime Environment"/>
    <property name="sun.boot.library.path" value="/usr/lib/jvm/java-6-openjdk-i386/jre/lib/i386"/>
    <property name="java.vm.version" value="20.0-b12"/>
    <property name="java.vm.vendor" value="Sun Microsystems Inc."/>
    <property name="java.vendor.url" value="http://java.sun.com/"/>
    <property name="path.separator" value=":"/>
    <property name="java.vm.name" value="OpenJDK Server VM"/>
    <property name="file.encoding.pkg" value="sun.io"/>
    <property name="user.country" value="US"/>
    <property name="sun.java.launcher" value="SUN_STANDARD"/>
    <property name="sun.os.patch.level" value="unknown"/>
    <property name="java.vm.specification.name" value="Java Virtual Machine Specification"/>
    <property name="user.dir" value="/home/hesham/progs/MyEclipses/homemadeSTS/workspace/kryptoncms"/>
    <property name="java.runtime.version" value="1.6.0_27-b27"/>
    <property name="java.awt.graphicsenv" value="sun.awt.X11GraphicsEnvironment"/>
    <property name="basedir" value="/home/hesham/progs/MyEclipses/homemadeSTS/workspace/kryptoncms"/>
    <property name="java.endorsed.dirs" value="/usr/lib/jvm/java-6-openjdk-i386/jre/lib/endorsed"/>
    <property name="os.arch" value="i386"/>
    <property name="surefire.real.class.path" value="/home/hesham/progs/MyEclipses/homemadeSTS/workspace/kryptoncms/target/surefire/surefirebooter6313855478410013565.jar"/>
    <property name="java.io.tmpdir" value="/tmp"/>
    <property name="line.separator" value="
"/>
    <property name="java.vm.specification.vendor" value="Sun Microsystems Inc."/>
    <property name="os.name" value="Linux"/>
    <property name="sun.jnu.encoding" value="UTF-8"/>
    <property name="java.library.path" value="/usr/lib/jvm/java-6-openjdk-i386/jre/lib/i386/server:/usr/lib/jvm/java-6-openjdk-i386/jre/lib/i386:/usr/lib/jvm/java-6-openjdk-i386/jre/../lib/i386:/usr/lib/jvm/java-6-openjdk-i386/jre/lib/i386/client:/usr/lib/jvm/java-6-openjdk-i386/jre/lib/i386::/usr/java/packages/lib/i386:/usr/lib/i386-linux-gnu/jni:/lib/i386-linux-gnu:/usr/lib/i386-linux-gnu:/usr/lib/jni:/lib:/usr/lib"/>
    <property name="surefire.test.class.path" value="/home/hesham/progs/MyEclipses/homemadeSTS/workspace/kryptoncms/target/test-classes:/home/hesham/progs/MyEclipses/homemadeSTS/workspace/kryptoncms/target/classes:/home/hesham/.m2/repository/org/springframework/spring-context/3.2.1.RELEASE/spring-context-3.2.1.RELEASE.jar:/home/hesham/.m2/repository/org/springframework/spring-beans/3.2.1.RELEASE/spring-beans-3.2.1.RELEASE.jar:/home/hesham/.m2/repository/org/springframework/spring-aop/3.2.1.RELEASE/spring-aop-3.2.1.RELEASE.jar:/home/hesham/.m2/repository/org/springframework/spring-expression/3.2.1.RELEASE/spring-expression-3.2.1.RELEASE.jar:/home/hesham/.m2/repository/org/springframework/spring-core/3.2.1.RELEASE/spring-core-3.2.1.RELEASE.jar:/home/hesham/.m2/repository/org/springframework/spring-web/3.2.1.RELEASE/spring-web-3.2.1.RELEASE.jar:/home/hesham/.m2/repository/aopalliance/aopalliance/1.0/aopalliance-1.0.jar:/home/hesham/.m2/repository/org/springframework/spring-webmvc/3.2.1.RELEASE/spring-webmvc-3.2.1.RELEASE.jar:/home/hesham/.m2/repository/org/springframework/spring-jdbc/3.2.1.RELEASE/spring-jdbc-3.2.1.RELEASE.jar:/home/hesham/.m2/repository/org/springframework/spring-tx/3.2.1.RELEASE/spring-tx-3.2.1.RELEASE.jar:/home/hesham/.m2/repository/org/springframework/security/spring-security-web/3.1.3.RELEASE/spring-security-web-3.1.3.RELEASE.jar:/home/hesham/.m2/repository/org/springframework/security/spring-security-core/3.1.3.RELEASE/spring-security-core-3.1.3.RELEASE.jar:/home/hesham/.m2/repository/org/springframework/security/spring-security-taglibs/3.1.3.RELEASE/spring-security-taglibs-3.1.3.RELEASE.jar:/home/hesham/.m2/repository/org/springframework/security/spring-security-acl/3.1.3.RELEASE/spring-security-acl-3.1.3.RELEASE.jar:/home/hesham/.m2/repository/org/springframework/security/spring-security-config/3.1.3.RELEASE/spring-security-config-3.1.3.RELEASE.jar:/home/hesham/.m2/repository/org/springframework/social/spring-social-core/1.1.0.BUILD-SNAPSHOT/spring-social-core-1.1.0.BUILD-SNAPSHOT.jar:/home/hesham/.m2/repository/org/springframework/social/spring-social-security/1.1.0.BUILD-SNAPSHOT/spring-social-security-1.1.0.BUILD-SNAPSHOT.jar:/home/hesham/.m2/repository/org/springframework/social/spring-social-facebook/1.1.0.BUILD-SNAPSHOT/spring-social-facebook-1.1.0.BUILD-SNAPSHOT.jar:/home/hesham/.m2/repository/org/codehaus/jackson/jackson-mapper-asl/1.9.9/jackson-mapper-asl-1.9.9.jar:/home/hesham/.m2/repository/org/codehaus/jackson/jackson-core-asl/1.9.9/jackson-core-asl-1.9.9.jar:/home/hesham/.m2/repository/org/springframework/social/spring-social-config/1.1.0.BUILD-SNAPSHOT/spring-social-config-1.1.0.BUILD-SNAPSHOT.jar:/home/hesham/.m2/repository/org/springframework/social/spring-social-facebook-web/1.1.0.BUILD-SNAPSHOT/spring-social-facebook-web-1.1.0.BUILD-SNAPSHOT.jar:/home/hesham/.m2/repository/org/springframework/social/spring-social-twitter/1.1.0.BUILD-SNAPSHOT/spring-social-twitter-1.1.0.BUILD-SNAPSHOT.jar:/home/hesham/.m2/repository/org/springframework/security/spring-security-crypto/3.1.3.RELEASE/spring-security-crypto-3.1.3.RELEASE.jar:/home/hesham/.m2/repository/org/springframework/social/spring-social-linkedin/1.0.0.BUILD-SNAPSHOT/spring-social-linkedin-1.0.0.BUILD-SNAPSHOT.jar:/home/hesham/.m2/repository/org/springframework/social/spring-social-web/1.1.0.BUILD-SNAPSHOT/spring-social-web-1.1.0.BUILD-SNAPSHOT.jar:/home/hesham/.m2/repository/org/apache/httpcomponents/httpclient/4.3-alpha1/httpclient-4.3-alpha1.jar:/home/hesham/.m2/repository/org/apache/httpcomponents/httpcore/4.3-alpha1/httpcore-4.3-alpha1.jar:/home/hesham/.m2/repository/commons-codec/commons-codec/1.6/commons-codec-1.6.jar:/home/hesham/.m2/repository/javax/validation/validation-api/1.0.0.GA/validation-api-1.0.0.GA.jar:/home/hesham/.m2/repository/org/hibernate/hibernate-validator/4.1.0.Final/hibernate-validator-4.1.0.Final.jar:/home/hesham/.m2/repository/org/slf4j/slf4j-api/1.6.1/slf4j-api-1.6.1.jar:/home/hesham/.m2/repository/org/slf4j/jcl-over-slf4j/1.6.1/jcl-over-slf4j-1.6.1.jar:/home/hesham/.m2/repository/org/slf4j/slf4j-log4j12/1.6.1/slf4j-log4j12-1.6.1.jar:/home/hesham/.m2/repository/log4j/log4j/1.2.16/log4j-1.2.16.jar:/home/hesham/.m2/repository/com/h2database/h2/1.3.159/h2-1.3.159.jar:/home/hesham/.m2/repository/cglib/cglib-nodep/2.2/cglib-nodep-2.2.jar:/home/hesham/.m2/repository/org/apache/tiles/tiles-jsp/2.2.2/tiles-jsp-2.2.2.jar:/home/hesham/.m2/repository/org/apache/tiles/tiles-servlet/2.2.2/tiles-servlet-2.2.2.jar:/home/hesham/.m2/repository/org/apache/tiles/tiles-template/2.2.2/tiles-template-2.2.2.jar:/home/hesham/.m2/repository/org/apache/tiles/tiles-api/2.2.2/tiles-api-2.2.2.jar:/home/hesham/.m2/repository/org/apache/tiles/tiles-el/2.2.2/tiles-el-2.2.2.jar:/home/hesham/.m2/repository/org/apache/tiles/tiles-core/2.2.2/tiles-core-2.2.2.jar:/home/hesham/.m2/repository/commons-digester/commons-digester/2.0/commons-digester-2.0.jar:/home/hesham/.m2/repository/commons-beanutils/commons-beanutils/1.8.0/commons-beanutils-1.8.0.jar:/home/hesham/.m2/repository/javax/inject/javax.inject/1/javax.inject-1.jar:/home/hesham/.m2/repository/javax/servlet/servlet-api/2.5/servlet-api-2.5.jar:/home/hesham/.m2/repository/javax/servlet/jsp/jsp-api/2.1/jsp-api-2.1.jar:/home/hesham/.m2/repository/javax/servlet/jsp/javax.servlet.jsp-api/2.2.1/javax.servlet.jsp-api-2.2.1.jar:/home/hesham/.m2/repository/javax/servlet/jsp/jstl/jstl-api/1.2/jstl-api-1.2.jar:/home/hesham/.m2/repository/org/glassfish/web/jstl-impl/1.2/jstl-impl-1.2.jar:/home/hesham/.m2/repository/org/springframework/spring-orm/3.2.1.RELEASE/spring-orm-3.2.1.RELEASE.jar:/home/hesham/.m2/repository/org/aspectj/aspectjrt/1.6.11/aspectjrt-1.6.11.jar:/home/hesham/.m2/repository/org/aspectj/aspectjweaver/1.6.11/aspectjweaver-1.6.11.jar:/home/hesham/.m2/repository/org/junit/com.springsource.org.junit/4.7.0/com.springsource.org.junit-4.7.0.jar:/home/hesham/.m2/repository/org/springframework/org.springframework.test/3.2.1.RELEASE/org.springframework.test-3.2.1.RELEASE.jar:/home/hesham/.m2/repository/org/atmosphere/atmosphere-runtime/1.0.4/atmosphere-runtime-1.0.4.jar:/home/hesham/.m2/repository/org/atmosphere/atmosphere-compat-jbossweb/1.0.4/atmosphere-compat-jbossweb-1.0.4.jar:/home/hesham/.m2/repository/org/atmosphere/atmosphere-compat-tomcat/1.0.4/atmosphere-compat-tomcat-1.0.4.jar:/home/hesham/.m2/repository/org/atmosphere/atmosphere-compat-tomcat7/1.0.4/atmosphere-compat-tomcat7-1.0.4.jar:/home/hesham/.m2/repository/com/memetix/microsoft-translator-java-api/0.6.1/microsoft-translator-java-api-0.6.1.jar:/home/hesham/.m2/repository/com/googlecode/json-simple/json-simple/1.1/json-simple-1.1.jar:/home/hesham/.m2/repository/org/hibernate/hibernate-core/4.1.0.Final/hibernate-core-4.1.0.Final.jar:/home/hesham/.m2/repository/commons-collections/commons-collections/3.2.1/commons-collections-3.2.1.jar:/home/hesham/.m2/repository/antlr/antlr/2.7.7/antlr-2.7.7.jar:/home/hesham/.m2/repository/org/jboss/spec/javax/transaction/jboss-transaction-api_1.1_spec/1.0.0.Final/jboss-transaction-api_1.1_spec-1.0.0.Final.jar:/home/hesham/.m2/repository/dom4j/dom4j/1.6.1/dom4j-1.6.1.jar:/home/hesham/.m2/repository/org/hibernate/javax/persistence/hibernate-jpa-2.0-api/1.0.1.Final/hibernate-jpa-2.0-api-1.0.1.Final.jar:/home/hesham/.m2/repository/org/jboss/logging/jboss-logging/3.1.0.CR2/jboss-logging-3.1.0.CR2.jar:/home/hesham/.m2/repository/org/javassist/javassist/3.15.0-GA/javassist-3.15.0-GA.jar:/home/hesham/.m2/repository/org/hibernate/common/hibernate-commons-annotations/4.0.1.Final/hibernate-commons-annotations-4.0.1.Final.jar:/home/hesham/.m2/repository/javassist/javassist/3.12.1.GA/javassist-3.12.1.GA.jar:/home/hesham/.m2/repository/mysql/mysql-connector-java/5.1.22/mysql-connector-java-5.1.22.jar:/home/hesham/.m2/repository/commons-dbcp/commons-dbcp/1.4/commons-dbcp-1.4.jar:/home/hesham/.m2/repository/commons-pool/commons-pool/1.4/commons-pool-1.4.jar:/home/hesham/.m2/repository/org/springframework/social/spring-social-google/1.0.0.M2/spring-social-google-1.0.0.M2.jar:/home/hesham/.m2/repository/com/sun/media/jai-codec/1.1.3/jai-codec-1.1.3.jar:/home/hesham/.m2/repository/javax/media/jai-core/1.1.3/jai-core-1.1.3.jar:/home/hesham/.m2/repository/commons-io/commons-io/1.3.2/commons-io-1.3.2.jar:/home/hesham/.m2/repository/commons-fileupload/commons-fileupload/1.2.1/commons-fileupload-1.2.1.jar:/home/hesham/.m2/repository/org/apache/commons/commons-lang3/3.1/commons-lang3-3.1.jar:/home/hesham/.m2/repository/org/springframework/spring-oxm/3.2.1.RELEASE/spring-oxm-3.2.1.RELEASE.jar:/home/hesham/.m2/repository/commons-lang/commons-lang/2.5/commons-lang-2.5.jar:/home/hesham/.m2/repository/org/codehaus/castor/castor/1.2/castor-1.2.jar:/home/hesham/.m2/repository/commons-logging/commons-logging/1.1.1/commons-logging-1.1.1.jar:/home/hesham/.m2/repository/xerces/xercesImpl/2.8.1/xercesImpl-2.8.1.jar:/home/hesham/.m2/repository/xml-apis/xml-apis/1.3.03/xml-apis-1.3.03.jar:/home/hesham/.m2/repository/org/cloudfoundry/cloudfoundry-runtime/0.6.1/cloudfoundry-runtime-0.6.1.jar:"/>
    <property name="java.specification.name" value="Java Platform API Specification"/>
    <property name="java.class.version" value="50.0"/>
    <property name="sun.management.compiler" value="HotSpot Tiered Compilers"/>
    <property name="os.version" value="3.8.0-19-generic"/>
    <property name="user.home" value="/home/hesham"/>
    <property name="user.timezone" value=""/>
    <property name="java.awt.printerjob" value="sun.print.PSPrinterJob"/>
    <property name="file.encoding" value="UTF-8"/>
    <property name="java.specification.version" value="1.6"/>
    <property name="user.name" value="hesham"/>
    <property name="java.class.path" value="/home/hesham/progs/MyEclipses/homemadeSTS/workspace/kryptoncms/target/test-classes:/home/hesham/progs/MyEclipses/homemadeSTS/workspace/kryptoncms/target/classes:/home/hesham/.m2/repository/org/springframework/spring-context/3.2.1.RELEASE/spring-context-3.2.1.RELEASE.jar:/home/hesham/.m2/repository/org/springframework/spring-beans/3.2.1.RELEASE/spring-beans-3.2.1.RELEASE.jar:/home/hesham/.m2/repository/org/springframework/spring-aop/3.2.1.RELEASE/spring-aop-3.2.1.RELEASE.jar:/home/hesham/.m2/repository/org/springframework/spring-expression/3.2.1.RELEASE/spring-expression-3.2.1.RELEASE.jar:/home/hesham/.m2/repository/org/springframework/spring-core/3.2.1.RELEASE/spring-core-3.2.1.RELEASE.jar:/home/hesham/.m2/repository/org/springframework/spring-web/3.2.1.RELEASE/spring-web-3.2.1.RELEASE.jar:/home/hesham/.m2/repository/aopalliance/aopalliance/1.0/aopalliance-1.0.jar:/home/hesham/.m2/repository/org/springframework/spring-webmvc/3.2.1.RELEASE/spring-webmvc-3.2.1.RELEASE.jar:/home/hesham/.m2/repository/org/springframework/spring-jdbc/3.2.1.RELEASE/spring-jdbc-3.2.1.RELEASE.jar:/home/hesham/.m2/repository/org/springframework/spring-tx/3.2.1.RELEASE/spring-tx-3.2.1.RELEASE.jar:/home/hesham/.m2/repository/org/springframework/security/spring-security-web/3.1.3.RELEASE/spring-security-web-3.1.3.RELEASE.jar:/home/hesham/.m2/repository/org/springframework/security/spring-security-core/3.1.3.RELEASE/spring-security-core-3.1.3.RELEASE.jar:/home/hesham/.m2/repository/org/springframework/security/spring-security-taglibs/3.1.3.RELEASE/spring-security-taglibs-3.1.3.RELEASE.jar:/home/hesham/.m2/repository/org/springframework/security/spring-security-acl/3.1.3.RELEASE/spring-security-acl-3.1.3.RELEASE.jar:/home/hesham/.m2/repository/org/springframework/security/spring-security-config/3.1.3.RELEASE/spring-security-config-3.1.3.RELEASE.jar:/home/hesham/.m2/repository/org/springframework/social/spring-social-core/1.1.0.BUILD-SNAPSHOT/spring-social-core-1.1.0.BUILD-SNAPSHOT.jar:/home/hesham/.m2/repository/org/springframework/social/spring-social-security/1.1.0.BUILD-SNAPSHOT/spring-social-security-1.1.0.BUILD-SNAPSHOT.jar:/home/hesham/.m2/repository/org/springframework/social/spring-social-facebook/1.1.0.BUILD-SNAPSHOT/spring-social-facebook-1.1.0.BUILD-SNAPSHOT.jar:/home/hesham/.m2/repository/org/codehaus/jackson/jackson-mapper-asl/1.9.9/jackson-mapper-asl-1.9.9.jar:/home/hesham/.m2/repository/org/codehaus/jackson/jackson-core-asl/1.9.9/jackson-core-asl-1.9.9.jar:/home/hesham/.m2/repository/org/springframework/social/spring-social-config/1.1.0.BUILD-SNAPSHOT/spring-social-config-1.1.0.BUILD-SNAPSHOT.jar:/home/hesham/.m2/repository/org/springframework/social/spring-social-facebook-web/1.1.0.BUILD-SNAPSHOT/spring-social-facebook-web-1.1.0.BUILD-SNAPSHOT.jar:/home/hesham/.m2/repository/org/springframework/social/spring-social-twitter/1.1.0.BUILD-SNAPSHOT/spring-social-twitter-1.1.0.BUILD-SNAPSHOT.jar:/home/hesham/.m2/repository/org/springframework/security/spring-security-crypto/3.1.3.RELEASE/spring-security-crypto-3.1.3.RELEASE.jar:/home/hesham/.m2/repository/org/springframework/social/spring-social-linkedin/1.0.0.BUILD-SNAPSHOT/spring-social-linkedin-1.0.0.BUILD-SNAPSHOT.jar:/home/hesham/.m2/repository/org/springframework/social/spring-social-web/1.1.0.BUILD-SNAPSHOT/spring-social-web-1.1.0.BUILD-SNAPSHOT.jar:/home/hesham/.m2/repository/org/apache/httpcomponents/httpclient/4.3-alpha1/httpclient-4.3-alpha1.jar:/home/hesham/.m2/repository/org/apache/httpcomponents/httpcore/4.3-alpha1/httpcore-4.3-alpha1.jar:/home/hesham/.m2/repository/commons-codec/commons-codec/1.6/commons-codec-1.6.jar:/home/hesham/.m2/repository/javax/validation/validation-api/1.0.0.GA/validation-api-1.0.0.GA.jar:/home/hesham/.m2/repository/org/hibernate/hibernate-validator/4.1.0.Final/hibernate-validator-4.1.0.Final.jar:/home/hesham/.m2/repository/org/slf4j/slf4j-api/1.6.1/slf4j-api-1.6.1.jar:/home/hesham/.m2/repository/org/slf4j/jcl-over-slf4j/1.6.1/jcl-over-slf4j-1.6.1.jar:/home/hesham/.m2/repository/org/slf4j/slf4j-log4j12/1.6.1/slf4j-log4j12-1.6.1.jar:/home/hesham/.m2/repository/log4j/log4j/1.2.16/log4j-1.2.16.jar:/home/hesham/.m2/repository/com/h2database/h2/1.3.159/h2-1.3.159.jar:/home/hesham/.m2/repository/cglib/cglib-nodep/2.2/cglib-nodep-2.2.jar:/home/hesham/.m2/repository/org/apache/tiles/tiles-jsp/2.2.2/tiles-jsp-2.2.2.jar:/home/hesham/.m2/repository/org/apache/tiles/tiles-servlet/2.2.2/tiles-servlet-2.2.2.jar:/home/hesham/.m2/repository/org/apache/tiles/tiles-template/2.2.2/tiles-template-2.2.2.jar:/home/hesham/.m2/repository/org/apache/tiles/tiles-api/2.2.2/tiles-api-2.2.2.jar:/home/hesham/.m2/repository/org/apache/tiles/tiles-el/2.2.2/tiles-el-2.2.2.jar:/home/hesham/.m2/repository/org/apache/tiles/tiles-core/2.2.2/tiles-core-2.2.2.jar:/home/hesham/.m2/repository/commons-digester/commons-digester/2.0/commons-digester-2.0.jar:/home/hesham/.m2/repository/commons-beanutils/commons-beanutils/1.8.0/commons-beanutils-1.8.0.jar:/home/hesham/.m2/repository/javax/inject/javax.inject/1/javax.inject-1.jar:/home/hesham/.m2/repository/javax/servlet/servlet-api/2.5/servlet-api-2.5.jar:/home/hesham/.m2/repository/javax/servlet/jsp/jsp-api/2.1/jsp-api-2.1.jar:/home/hesham/.m2/repository/javax/servlet/jsp/javax.servlet.jsp-api/2.2.1/javax.servlet.jsp-api-2.2.1.jar:/home/hesham/.m2/repository/javax/servlet/jsp/jstl/jstl-api/1.2/jstl-api-1.2.jar:/home/hesham/.m2/repository/org/glassfish/web/jstl-impl/1.2/jstl-impl-1.2.jar:/home/hesham/.m2/repository/org/springframework/spring-orm/3.2.1.RELEASE/spring-orm-3.2.1.RELEASE.jar:/home/hesham/.m2/repository/org/aspectj/aspectjrt/1.6.11/aspectjrt-1.6.11.jar:/home/hesham/.m2/repository/org/aspectj/aspectjweaver/1.6.11/aspectjweaver-1.6.11.jar:/home/hesham/.m2/repository/org/junit/com.springsource.org.junit/4.7.0/com.springsource.org.junit-4.7.0.jar:/home/hesham/.m2/repository/org/springframework/org.springframework.test/3.2.1.RELEASE/org.springframework.test-3.2.1.RELEASE.jar:/home/hesham/.m2/repository/org/atmosphere/atmosphere-runtime/1.0.4/atmosphere-runtime-1.0.4.jar:/home/hesham/.m2/repository/org/atmosphere/atmosphere-compat-jbossweb/1.0.4/atmosphere-compat-jbossweb-1.0.4.jar:/home/hesham/.m2/repository/org/atmosphere/atmosphere-compat-tomcat/1.0.4/atmosphere-compat-tomcat-1.0.4.jar:/home/hesham/.m2/repository/org/atmosphere/atmosphere-compat-tomcat7/1.0.4/atmosphere-compat-tomcat7-1.0.4.jar:/home/hesham/.m2/repository/com/memetix/microsoft-translator-java-api/0.6.1/microsoft-translator-java-api-0.6.1.jar:/home/hesham/.m2/repository/com/googlecode/json-simple/json-simple/1.1/json-simple-1.1.jar:/home/hesham/.m2/repository/org/hibernate/hibernate-core/4.1.0.Final/hibernate-core-4.1.0.Final.jar:/home/hesham/.m2/repository/commons-collections/commons-collections/3.2.1/commons-collections-3.2.1.jar:/home/hesham/.m2/repository/antlr/antlr/2.7.7/antlr-2.7.7.jar:/home/hesham/.m2/repository/org/jboss/spec/javax/transaction/jboss-transaction-api_1.1_spec/1.0.0.Final/jboss-transaction-api_1.1_spec-1.0.0.Final.jar:/home/hesham/.m2/repository/dom4j/dom4j/1.6.1/dom4j-1.6.1.jar:/home/hesham/.m2/repository/org/hibernate/javax/persistence/hibernate-jpa-2.0-api/1.0.1.Final/hibernate-jpa-2.0-api-1.0.1.Final.jar:/home/hesham/.m2/repository/org/jboss/logging/jboss-logging/3.1.0.CR2/jboss-logging-3.1.0.CR2.jar:/home/hesham/.m2/repository/org/javassist/javassist/3.15.0-GA/javassist-3.15.0-GA.jar:/home/hesham/.m2/repository/org/hibernate/common/hibernate-commons-annotations/4.0.1.Final/hibernate-commons-annotations-4.0.1.Final.jar:/home/hesham/.m2/repository/javassist/javassist/3.12.1.GA/javassist-3.12.1.GA.jar:/home/hesham/.m2/repository/mysql/mysql-connector-java/5.1.22/mysql-connector-java-5.1.22.jar:/home/hesham/.m2/repository/commons-dbcp/commons-dbcp/1.4/commons-dbcp-1.4.jar:/home/hesham/.m2/repository/commons-pool/commons-pool/1.4/commons-pool-1.4.jar:/home/hesham/.m2/repository/org/springframework/social/spring-social-google/1.0.0.M2/spring-social-google-1.0.0.M2.jar:/home/hesham/.m2/repository/com/sun/media/jai-codec/1.1.3/jai-codec-1.1.3.jar:/home/hesham/.m2/repository/javax/media/jai-core/1.1.3/jai-core-1.1.3.jar:/home/hesham/.m2/repository/commons-io/commons-io/1.3.2/commons-io-1.3.2.jar:/home/hesham/.m2/repository/commons-fileupload/commons-fileupload/1.2.1/commons-fileupload-1.2.1.jar:/home/hesham/.m2/repository/org/apache/commons/commons-lang3/3.1/commons-lang3-3.1.jar:/home/hesham/.m2/repository/org/springframework/spring-oxm/3.2.1.RELEASE/spring-oxm-3.2.1.RELEASE.jar:/home/hesham/.m2/repository/commons-lang/commons-lang/2.5/commons-lang-2.5.jar:/home/hesham/.m2/repository/org/codehaus/castor/castor/1.2/castor-1.2.jar:/home/hesham/.m2/repository/commons-logging/commons-logging/1.1.1/commons-logging-1.1.1.jar:/home/hesham/.m2/repository/xerces/xercesImpl/2.8.1/xercesImpl-2.8.1.jar:/home/hesham/.m2/repository/xml-apis/xml-apis/1.3.03/xml-apis-1.3.03.jar:/home/hesham/.m2/repository/org/cloudfoundry/cloudfoundry-runtime/0.6.1/cloudfoundry-runtime-0.6.1.jar:"/>
    <property name="java.vm.specification.version" value="1.0"/>
    <property name="sun.arch.data.model" value="32"/>
    <property name="java.home" value="/usr/lib/jvm/java-6-openjdk-i386/jre"/>
    <property name="sun.java.command" value="/home/hesham/progs/MyEclipses/homemadeSTS/workspace/kryptoncms/target/surefire/surefirebooter6313855478410013565.jar /home/hesham/progs/MyEclipses/homemadeSTS/workspace/kryptoncms/target/surefire/surefire1463515476048503451tmp /home/hesham/progs/MyEclipses/homemadeSTS/workspace/kryptoncms/target/surefire/surefire8276196627383140461tmp"/>
    <property name="java.specification.vendor" value="Sun Microsystems Inc."/>
    <property name="user.language" value="en"/>
    <property name="java.vm.info" value="mixed mode"/>
    <property name="java.version" value="1.6.0_27"/>
    <property name="java.ext.dirs" value="/usr/lib/jvm/java-6-openjdk-i386/jre/lib/ext:/usr/java/packages/lib/ext"/>
    <property name="sun.boot.class.path" value="/usr/lib/jvm/java-6-openjdk-i386/jre/lib/resources.jar:/usr/lib/jvm/java-6-openjdk-i386/jre/lib/rt.jar:/usr/lib/jvm/java-6-openjdk-i386/jre/lib/sunrsasign.jar:/usr/lib/jvm/java-6-openjdk-i386/jre/lib/jsse.jar:/usr/lib/jvm/java-6-openjdk-i386/jre/lib/jce.jar:/usr/lib/jvm/java-6-openjdk-i386/jre/lib/charsets.jar:/usr/lib/jvm/java-6-openjdk-i386/jre/lib/netx.jar:/usr/lib/jvm/java-6-openjdk-i386/jre/lib/plugin.jar:/usr/lib/jvm/java-6-openjdk-i386/jre/lib/rhino.jar:/usr/lib/jvm/java-6-openjdk-i386/jre/lib/modules/jdk.boot.jar:/usr/lib/jvm/java-6-openjdk-i386/jre/classes"/>
    <property name="java.vendor" value="Sun Microsystems Inc."/>
    <property name="localRepository" value="/home/hesham/.m2/repository"/>
    <property name="file.separator" value="/"/>
    <property name="java.vendor.url.bug" value="http://java.sun.com/cgi-bin/bugreport.cgi"/>
    <property name="sun.cpu.endian" value="little"/>
    <property name="sun.io.unicode.encoding" value="UnicodeLittle"/>
    <property name="sun.desktop" value="gnome"/>
    <property name="sun.cpu.isalist" value=""/>
  </properties>
</testsuite>